info: Jun-21-2021 13:27:23: 	Express server listening on port 3000
info: Jun-21-2021 13:27:23: 	Connected to DB!
error: Jun-21-2021 13:38:18: 	400 || undefined - / - POST - ::ffff:127.0.0.1
error: Jun-21-2021 13:38:29: 	400 || undefined - /api - POST - ::ffff:127.0.0.1
error: Jun-21-2021 13:54:36: 	400 || undefined - /oauth/token - POST - ::ffff:127.0.0.1
info: Jun-21-2021 14:02:17: 	Express server listening on port 3000
info: Jun-21-2021 14:02:17: 	Connected to DB!
info: Jun-21-2021 14:06:53: 	Express server listening on port 3000
info: Jun-21-2021 14:06:53: 	Connected to DB!
info: Jun-21-2021 14:08:16: 	Express server listening on port 3000
info: Jun-21-2021 14:08:16: 	Connected to DB!
info: Jun-21-2021 14:12:40: 	Express server listening on port 3000
info: Jun-21-2021 14:12:40: 	Connected to DB!
info: Jun-21-2021 14:16:42: 	Express server listening on port 3000
info: Jun-21-2021 14:16:42: 	Connected to DB!
info: Jun-21-2021 14:20:43: 	Express server listening on port 3000
info: Jun-21-2021 14:20:43: 	Connected to DB!
info: Jun-21-2021 14:21:09: 	Express server listening on port 3000
info: Jun-21-2021 14:21:09: 	Connected to DB!
info: Jun-21-2021 14:27:09: 	article created
info: Jun-21-2021 14:28:10: 	article updated
info: Jun-21-2021 14:28:40: 	article removed
info: Jun-21-2021 14:29:59: 	Express server listening on port 3000
info: Jun-21-2021 14:30:00: 	Connected to DB!
